Change Component Comment : Designator=Designator22 Old Comment=Comment New Comment=22pF
Change Component Comment : Designator=Designator23 Old Comment=Comment New Comment=22pF
Change Component Comment : Designator=Designator21 Old Comment=Comment New Comment=ECS-160-8-36B2-CKM-TR
Change Component Designator: OldDesignator=Designator21 NewDesignator=Y1
Change Component Designator: OldDesignator=Designator22 NewDesignator=C10
Change Component Designator: OldDesignator=Designator23 NewDesignator=C11
Change component parameters: Designator = "Designator21" ("Y1"); Footprint = "ECS160836B2CKMTR"; UniqueID = "\IOKRSKVE" ("\IOKRSKVE")
Change component parameters (AddParameter): Name = "Arrow Part Number"; Value = ""; VariantName = "[No Variations]"
Change component parameters (AddParameter): Name = "Arrow Price/Stock"; Value = ""; VariantName = "[No Variations]"
Change component parameters (AddParameter): Name = "Datasheet Link"; Value = "https://www.mouser.fr/datasheet/2/122/ECX_2236B2-2400583.pdf"; VariantName = "[No Variations]"
Change component parameters (AddParameter): Name = "Height"; Value = "0.6mm"; VariantName = "[No Variations]"
Change component parameters (AddParameter): Name = "Manufacturer_Name"; Value = "ECS"; VariantName = "[No Variations]"
Change component parameters (AddParameter): Name = "Manufacturer_Part_Number"; Value = "ECS-160-8-36B2-CKM-TR"; VariantName = "[No Variations]"
Change component parameters (AddParameter): Name = "Mouser Part Number"; Value = "520-160-8-36B2-CKMTR"; VariantName = "[No Variations]"
Change component parameters (AddParameter): Name = "Mouser Price/Stock"; Value = "https://www.mouser.co.uk/ProductDetail/ECS/ECS-160-8-36B2-CKM-TR?qs=QNEnbhJQKvaIQPndV3OLHg%3D%3D"; VariantName = "[No Variations]"
Change component parameters: Designator = "Designator22" ("C10"); Footprint = "CAPC1608X97N"; UniqueID = "\LCXVNGJU" ("\LCXVNGJU")
Change component parameters (AddParameter): Name = "Arrow Part Number"; Value = ""; VariantName = "[No Variations]"
Change component parameters (AddParameter): Name = "Arrow Price/Stock"; Value = ""; VariantName = "[No Variations]"
Change component parameters (AddParameter): Name = "Datasheet Link"; Value = "http://www.vishay.com/docs/45226/vj31xrohsautomlcc.pdf"; VariantName = "[No Variations]"
Change component parameters (AddParameter): Name = "Height"; Value = "0.97mm"; VariantName = "[No Variations]"
Change component parameters (AddParameter): Name = "Manufacturer_Name"; Value = "Vishay"; VariantName = "[No Variations]"
Change component parameters (AddParameter): Name = "Manufacturer_Part_Number"; Value = "VJ0603A220JXBAC"; VariantName = "[No Variations]"
Change component parameters (AddParameter): Name = "Mouser Part Number"; Value = "77-VJ0603A220JXBAC"; VariantName = "[No Variations]"
Change component parameters (AddParameter): Name = "Mouser Price/Stock"; Value = "https://www.mouser.co.uk/ProductDetail/Vishay-Vitramon/VJ0603A220JXBAC/?qs=cPJiB9SLnv4cPK1%252B20z21w%3D%3D"; VariantName = "[No Variations]"
Change component parameters: Designator = "Designator23" ("C11"); Footprint = "CAPC1608X97N"; UniqueID = "\HICEAIJW" ("\HICEAIJW")
Change component parameters (AddParameter): Name = "Arrow Part Number"; Value = ""; VariantName = "[No Variations]"
Change component parameters (AddParameter): Name = "Arrow Price/Stock"; Value = ""; VariantName = "[No Variations]"
Change component parameters (AddParameter): Name = "Datasheet Link"; Value = "http://www.vishay.com/docs/45226/vj31xrohsautomlcc.pdf"; VariantName = "[No Variations]"
Change component parameters (AddParameter): Name = "Height"; Value = "0.97mm"; VariantName = "[No Variations]"
Change component parameters (AddParameter): Name = "Manufacturer_Name"; Value = "Vishay"; VariantName = "[No Variations]"
Change component parameters (AddParameter): Name = "Manufacturer_Part_Number"; Value = "VJ0603A220JXBAC"; VariantName = "[No Variations]"
Change component parameters (AddParameter): Name = "Mouser Part Number"; Value = "77-VJ0603A220JXBAC"; VariantName = "[No Variations]"
Change component parameters (AddParameter): Name = "Mouser Price/Stock"; Value = "https://www.mouser.co.uk/ProductDetail/Vishay-Vitramon/VJ0603A220JXBAC/?qs=cPJiB9SLnv4cPK1%252B20z21w%3D%3D"; VariantName = "[No Variations]"
Added Pin To Net: NetName=Net_7 Pin=C10-1
Added Pin To Net: NetName=GND Pin=C10-2
Added Pin To Net: NetName=Net_8 Pin=C11-1
Added Pin To Net: NetName=GND Pin=C11-2
Add Pin To Net: Unknown Pin: Pin R14-1
Added Pin To Net: NetName=Net_8 Pin=Y1-1
Added Pin To Net: NetName=GND Pin=Y1-2
Added Pin To Net: NetName=Net_7 Pin=Y1-3
Added Pin To Net: NetName=GND Pin=Y1-4
Added Member To Class: ClassName=Alarm_Clock_Schematic Member=Component C10 22pF
Added Member To Class: ClassName=Alarm_Clock_Schematic Member=Component C11 22pF
Added Member To Class: ClassName=Alarm_Clock_Schematic Member=Component Y1 ECS-160-8-36B2-CKM-TR
