Add Component: Footprint Not Found THRMC1005X55N
Add Component: Footprint Not Found 12411602
Add Component: Footprint Not Found 12411602
Add Component: Footprint Not Found 12411602
Add Component: Footprint Not Found 12411602
Add Component: Footprint Not Found 12411602
Add Component: Footprint Not Found 12411602
Add Pin To Net: Unknown Pin: Pin RT1-1
Add Pin To Net: Unknown Pin: Pin RT1-2
Add Pin To Net: Unknown Pin: Pin S1-3
Add Pin To Net: Unknown Pin: Pin S1-4
Add Pin To Net: Unknown Pin: Pin S2-3
Add Pin To Net: Unknown Pin: Pin S2-4
Add Pin To Net: Unknown Pin: Pin S3-3
Add Pin To Net: Unknown Pin: Pin S3-4
Add Pin To Net: Unknown Pin: Pin S4-3
Add Pin To Net: Unknown Pin: Pin S4-4
Add Pin To Net: Unknown Pin: Pin S5-3
Add Pin To Net: Unknown Pin: Pin S5-4
Add Pin To Net: Unknown Pin: Pin S6-3
Add Pin To Net: Unknown Pin: Pin S6-4
Add Class Member: Failed to add class member : Component RT1 ERT-J0EG103HA
Add Class Member: Failed to add class member : Component S1 A
Add Class Member: Failed to add class member : Component S2 H
Add Class Member: Failed to add class member : Component S3 T
Add Class Member: Failed to add class member : Component S4 M
Add Class Member: Failed to add class member : Component S5 A
Add Class Member: Failed to add class member : Component S6 TempSelect
